<?xml version="1.0" encoding="UTF-8"?>
<testng-results ignored="0" total="1" passed="1" failed="0" skipped="0">
  <reporter-output>
  </reporter-output>
  <suite started-at="2023-06-08T21:19:36 IST" name="Suite" finished-at="2023-06-08T21:19:48 IST" duration-ms="11508">
    <groups>
    </groups>
    <test started-at="2023-06-08T21:19:36 IST" name="Test" finished-at="2023-06-08T21:19:48 IST" duration-ms="11508">
      <class name="testPackage.ValidLoginTestCase">
        <test-method is-config="true" signature="setUp()[pri:0, instance:testPackage.ValidLoginTestCase@2ea41516]" started-at="2023-06-08T21:19:36 IST" name="setUp" finished-at="2023-06-08T21:19:47 IST" duration-ms="10683" status="PASS">
          <reporter-output>
          </reporter-output>
        </test-method> <!-- setUp -->
        <test-method signature="validLoginMethod()[pri:0, instance:testPackage.ValidLoginTestCase@2ea41516]" started-at="2023-06-08T21:19:47 IST" name="validLoginMethod" finished-at="2023-06-08T21:19:47 IST" duration-ms="372" status="PASS">
          <reporter-output>
          </reporter-output>
        </test-method> <!-- validLoginMethod -->
        <test-method is-config="true" signature="tearDown()[pri:0, instance:testPackage.ValidLoginTestCase@2ea41516]" started-at="2023-06-08T21:19:47 IST" name="tearDown" finished-at="2023-06-08T21:19:48 IST" duration-ms="390" status="PASS">
          <reporter-output>
          </reporter-output>
        </test-method> <!-- tearDown -->
      </class> <!-- testPackage.ValidLoginTestCase -->
    </test> <!-- Test -->
  </suite> <!-- Suite -->
</testng-results>
