<?xml version="1.0" encoding="UTF-8"?>
<testng-results ignored="0" total="1" passed="1" failed="0" skipped="0">
  <reporter-output>
    <line>
      <![CDATA[Test Started!!]]>
    </line>
    <line>
      <![CDATA[Browser Opened & Test Will Start!!]]>
    </line>
    <line>
      <![CDATA[Test executed successfully!!]]>
    </line>
  </reporter-output>
  <suite started-at="2023-06-08T20:49:42 IST" name="Default suite" finished-at="2023-06-08T20:50:16 IST" duration-ms="33728">
    <groups>
    </groups>
    <test started-at="2023-06-08T20:49:42 IST" name="Default test" finished-at="2023-06-08T20:50:16 IST" duration-ms="33728">
      <class name="testPackage.ValidLoginTestCase">
        <test-method is-config="true" signature="setUp()[pri:0, instance:testPackage.ValidLoginTestCase@37654521]" started-at="2023-06-08T20:49:42 IST" name="setUp" finished-at="2023-06-08T20:49:45 IST" duration-ms="2757" status="PASS">
          <reporter-output>
          </reporter-output>
        </test-method> <!-- setUp -->
        <test-method signature="validTestCase()[pri:0, instance:testPackage.ValidLoginTestCase@37654521]" started-at="2023-06-08T20:49:45 IST" name="validTestCase" finished-at="2023-06-08T20:50:15 IST" duration-ms="30471" status="PASS">
          <reporter-output>
            <line>
              <![CDATA[Browser Opened & Test Will Start!!]]>
            </line>
            <line>
              <![CDATA[Test executed successfully!!]]>
            </line>
          </reporter-output>
        </test-method> <!-- validTestCase -->
        <test-method is-config="true" signature="tearDown()[pri:0, instance:testPackage.ValidLoginTestCase@37654521]" started-at="2023-06-08T20:50:15 IST" name="tearDown" finished-at="2023-06-08T20:50:16 IST" duration-ms="447" status="PASS">
          <reporter-output>
          </reporter-output>
        </test-method> <!-- tearDown -->
      </class> <!-- testPackage.ValidLoginTestCase -->
    </test> <!-- Default test -->
  </suite> <!-- Default suite -->
</testng-results>
