<?xml version="1.0" encoding="UTF-8"?>
<!-- Generated by org.testng.reporters.JUnitXMLReporter -->
<testsuite ignored="2" hostname="DESKTOP-5NCPHIR" failures="0" tests="1" name="Test(failed)" time="0.081" errors="0" timestamp="2023-05-23T09:46:51 IST">
  <testcase classname="testNGpackage2.DemoTest2" name="f1" time="0.013"/>
  <testcase classname="testNGpackage2.DemoTest2" name="e" time="0.0">
    <ignored/>
  </testcase> <!-- e -->
  <testcase classname="testNGpackage2.DemoTest2" name="f" time="0.0">
    <ignored/>
  </testcase> <!-- f -->
</testsuite> <!-- Test(failed) -->
