<?xml version="1.0" encoding="UTF-8"?>
<!-- Generated by org.testng.reporters.JUnitXMLReporter -->
<testsuite ignored="0" hostname="DESKTOP-5NCPHIR" failures="0" tests="3" name="Test" time="25.537" errors="0" timestamp="2023-05-23T09:48:51 IST">
  <testcase classname="testNGpackage2.Test2" name="test2Mathod" time="7.663"/>
  <testcase classname="testNGpackage2.Test1" name="test1Method" time="13.167"/>
  <testcase classname="testNGpackage2.Test3" name="test3Method" time="4.638"/>
</testsuite> <!-- Test -->
