<?xml version="1.0" encoding="UTF-8"?>
<!-- Generated by org.testng.reporters.JUnitXMLReporter -->
<testsuite ignored="0" hostname="DESKTOP-5NCPHIR" failures="0" tests="3" name="Default test" time="0.088" errors="0" timestamp="2023-06-03T12:07:22 IST">
  <testcase classname="testNGpackage2.DemoTest2" name="e" time="0.015"/>
  <testcase classname="testNGpackage2.DemoTest2" name="f" time="0.002"/>
  <testcase classname="testNGpackage2.DemoTest2" name="f1" time="0.002"/>
</testsuite> <!-- Default test -->
