<?xml version="1.0" encoding="UTF-8"?>
<testng-results ignored="0" total="3" passed="3" failed="0" skipped="0">
  <reporter-output>
    <line>
      <![CDATA[e method from DemoTest2]]>
    </line>
    <line>
      <![CDATA[f method from DemoTest2]]>
    </line>
    <line>
      <![CDATA[f1 method from DemoTest2]]>
    </line>
  </reporter-output>
  <suite started-at="2023-06-03T12:07:22 IST" name="Default suite" finished-at="2023-06-03T12:07:22 IST" duration-ms="88">
    <groups>
    </groups>
    <test started-at="2023-06-03T12:07:22 IST" name="Default test" finished-at="2023-06-03T12:07:22 IST" duration-ms="88">
      <class name="testNGpackage2.DemoTest2">
        <test-method signature="e()[pri:0, instance:testNGpackage2.DemoTest2@306f16f3]" started-at="2023-06-03T12:07:22 IST" name="e" finished-at="2023-06-03T12:07:22 IST" duration-ms="15" status="PASS">
          <reporter-output>
            <line>
              <![CDATA[e method from DemoTest2]]>
            </line>
          </reporter-output>
        </test-method> <!-- e -->
        <test-method signature="f()[pri:0, instance:testNGpackage2.DemoTest2@306f16f3]" started-at="2023-06-03T12:07:22 IST" name="f" finished-at="2023-06-03T12:07:22 IST" duration-ms="2" status="PASS">
          <reporter-output>
            <line>
              <![CDATA[f method from DemoTest2]]>
            </line>
          </reporter-output>
        </test-method> <!-- f -->
        <test-method signature="f1()[pri:0, instance:testNGpackage2.DemoTest2@306f16f3]" started-at="2023-06-03T12:07:22 IST" name="f1" finished-at="2023-06-03T12:07:22 IST" duration-ms="2" status="PASS">
          <reporter-output>
            <line>
              <![CDATA[f1 method from DemoTest2]]>
            </line>
          </reporter-output>
        </test-method> <!-- f1 -->
      </class> <!-- testNGpackage2.DemoTest2 -->
    </test> <!-- Default test -->
  </suite> <!-- Default suite -->
</testng-results>
