<?xml version="1.0" encoding="UTF-8"?>
<testng-results ignored="0" total="2" passed="2" failed="0" skipped="0">
  <reporter-output>
  </reporter-output>
  <suite started-at="2023-05-25T10:24:39 IST" name="Suite" finished-at="2023-05-25T10:24:49 IST" duration-ms="9572">
    <groups>
    </groups>
    <test started-at="2023-05-25T10:24:39 IST" name="ChromeTest" finished-at="2023-05-25T10:24:43 IST" duration-ms="3578">
      <class name="testNGExecution.SelectBrowser">
        <test-method signature="method1(java.lang.String,java.lang.String,java.lang.String,java.lang.String)[pri:0, instance:testNGExecution.SelectBrowser@62230c58]" started-at="2023-05-25T10:24:39 IST" name="method1" finished-at="2023-05-25T10:24:43 IST" duration-ms="3519" status="PASS">
          <params>
            <param index="0">
              <value>
                <![CDATA[chrome]]>
              </value>
            </param>
            <param index="1">
              <value>
                <![CDATA[http://desktop-5ncphir/login.do]]>
              </value>
            </param>
            <param index="2">
              <value>
                <![CDATA[admin]]>
              </value>
            </param>
            <param index="3">
              <value>
                <![CDATA[manager]]>
              </value>
            </param>
          </params>
          <reporter-output>
          </reporter-output>
        </test-method> <!-- method1 -->
      </class> <!-- testNGExecution.SelectBrowser -->
    </test> <!-- ChromeTest -->
    <test started-at="2023-05-25T10:24:43 IST" name="FirefoxTest" finished-at="2023-05-25T10:24:49 IST" duration-ms="5905">
      <class name="testNGExecution.SelectBrowser">
        <test-method signature="method1(java.lang.String,java.lang.String,java.lang.String,java.lang.String)[pri:0, instance:testNGExecution.SelectBrowser@662b4c69]" started-at="2023-05-25T10:24:43 IST" name="method1" finished-at="2023-05-25T10:24:49 IST" duration-ms="5897" status="PASS">
          <params>
            <param index="0">
              <value>
                <![CDATA[Firefox]]>
              </value>
            </param>
            <param index="1">
              <value>
                <![CDATA[http://desktop-5ncphir/login.do]]>
              </value>
            </param>
            <param index="2">
              <value>
                <![CDATA[admin]]>
              </value>
            </param>
            <param index="3">
              <value>
                <![CDATA[manager]]>
              </value>
            </param>
          </params>
          <reporter-output>
          </reporter-output>
        </test-method> <!-- method1 -->
      </class> <!-- testNGExecution.SelectBrowser -->
    </test> <!-- FirefoxTest -->
  </suite> <!-- Suite -->
</testng-results>
